<?xml version="1.0" encoding="UTF-8"?>
<!-- Generated by org.testng.reporters.JUnitReportReporter -->
<testsuite hostname="WINDOWS-L7JB7IP" failures="0" tests="4" name="api.test.UserTests2" time="8.685" errors="0" timestamp="2023-06-07T22:52:24 ALMT" skipped="0">
  <testcase classname="api.test.UserTests2" name="testPostUser" time="4.465"/>
  <testcase classname="api.test.UserTests2" name="testGetUserByName" time="1.147"/>
  <testcase classname="api.test.UserTests2" name="testUpdateUserByName" time="2.061"/>
  <testcase classname="api.test.UserTests2" name="testDeleteUserByName" time="1.012"/>
</testsuite> <!-- api.test.UserTests2 -->
