<?xml version="1.0" encoding="UTF-8"?>
<!-- Generated by org.testng.reporters.JUnitReportReporter -->
<testsuite hostname="WINDOWS-L7JB7IP" failures="0" tests="9" name="api.test.DDTests" time="9.112" errors="0" timestamp="2023-06-07T22:52:24 ALMT" skipped="0">
  <testcase classname="api.test.DDTests" name="testPostUser" time="0.989"/>
  <testcase classname="api.test.DDTests" name="testPostUser" time="1.001"/>
  <testcase classname="api.test.DDTests" name="testPostUser" time="0.974"/>
  <testcase classname="api.test.DDTests" name="testGetUser" time="0.951"/>
  <testcase classname="api.test.DDTests" name="testGetUser" time="1.260"/>
  <testcase classname="api.test.DDTests" name="testGetUser" time="0.981"/>
  <testcase classname="api.test.DDTests" name="testDeleteUserByUsername" time="0.972"/>
  <testcase classname="api.test.DDTests" name="testDeleteUserByUsername" time="1.006"/>
  <testcase classname="api.test.DDTests" name="testDeleteUserByUsername" time="0.978"/>
</testsuite> <!-- api.test.DDTests -->
